<?xml version="1.0" encoding="UTF-8"?>
<testng-results skipped="0" failed="0" total="1" passed="1">
  <reporter-output>
  </reporter-output>
  <suite name="Suite" duration-ms="104799" started-at="2018-10-14T01:39:57Z" finished-at="2018-10-14T01:41:41Z">
    <groups>
    </groups>
    <test name="Test" duration-ms="104799" started-at="2018-10-14T01:39:57Z" finished-at="2018-10-14T01:41:41Z">
      <class name="testJenkins.testJen1">
        <test-method status="PASS" signature="testJen()[pri:0, instance:testJenkins.testJen1@f30e0a]" name="testJen" duration-ms="104707" started-at="2018-10-14T07:09:57Z" finished-at="2018-10-14T07:11:41Z">
          <reporter-output>
          </reporter-output>
        </test-method> <!-- testJen -->
      </class> <!-- testJenkins.testJen1 -->
    </test> <!-- Test -->
  </suite> <!-- Suite -->
</testng-results>
